Arguments: 
  /Users/tianhaoshao/.nvm/versions/node/v14.19.0/bin/node /usr/local/bin/yarn add @strapi/design-system/Box

PATH: 
  /Users/tianhaoshao/.nvm/versions/node/v14.19.0/bin:/Users/tianhaoshao/opt/anaconda3/bin:/Users/tianhaoshao/opt/anaconda3/condabin:/Library/Frameworks/Python.framework/Versions/3.9/bin:/Library/Frameworks/Python.framework/Versions/3.8/bin:/usr/local/bin:/usr/bin:/bin:/usr/sbin:/sbin:/Applications/VMware Fusion.app/Contents/Public:/opt/X11/bin:/Library/Apple/usr/bin

Yarn version: 
  1.22.17

Node version: 
  14.19.0

Platform: 
  darwin x64

Trace: 
  Error: https://registry.yarnpkg.com/@strapi%2fdesign-system/Box: Request "https://registry.yarnpkg.com/@strapi%2fdesign-system/Box" returned a 405
      at Request.params.callback [as _callback] (/usr/local/lib/node_modules/yarn/lib/cli.js:67038:18)
      at Request.self.callback (/usr/local/lib/node_modules/yarn/lib/cli.js:140883:22)
      at Request.emit (events.js:400:28)
      at Request.<anonymous> (/usr/local/lib/node_modules/yarn/lib/cli.js:141855:10)
      at Request.emit (events.js:400:28)
      at IncomingMessage.<anonymous> (/usr/local/lib/node_modules/yarn/lib/cli.js:141777:12)
      at Object.onceWrapper (events.js:519:28)
      at IncomingMessage.emit (events.js:412:35)
      at endReadableNT (internal/streams/readable.js:1334:12)
      at processTicksAndRejections (internal/process/task_queues.js:82:21)

npm manifest: 
  {
    "name": "strapi-plugin-wysiwyg",
    "version": "0.0.0",
    "description": "This is the description of the plugin.",
    "strapi": {
      "name": "wysiwyg",
      "icon": "plug",
      "description": "Description of wysiwyg plugin."
    },
    "dependencies": {
      "@ckeditor/ckeditor5-build-classic": "^32.0.0",
      "@ckeditor/ckeditor5-react": "^4.0.0"
    },
    "author": {
      "name": "A Strapi developer",
      "email": "",
      "url": ""
    },
    "maintainers": [
      {
        "name": "A Strapi developer",
        "email": "",
        "url": ""
      }
    ],
    "engines": {
      "node": ">=10.16.0 <=14.x.x",
      "npm": ">=6.0.0"
    },
    "license": "MIT"
  }

yarn manifest: 
  No manifest

Lockfile: 
  No lockfile
